<?xml version="1.0" encoding="UTF-8"?>
<!-- Generated by org.testng.reporters.JUnitXMLReporter -->
<testsuite ignored="0" hostname="LAPTOP-NE55887S" failures="0" tests="3" name="Default test" time="54.834" errors="0" timestamp="2021-05-25T22:46:16 IST">
  <testcase classname="com.ecom.webapp.AmazonProductSearch" name="testForSearchProduct1" time="4.646"/>
  <testcase classname="com.ecom.webapp.AmazonProductSearch" name="testForSearchProduct2" time="5.603"/>
  <testcase classname="com.ecom.webapp.AmazonProductSearch" name="testForSearchProduct3" time="5.004"/>
</testsuite> <!-- Default test -->
