<?xml version="1.0" encoding="UTF-8"?>
<!-- Generated by org.testng.reporters.JUnitXMLReporter -->
<testsuite ignored="0" hostname="LAPTOP-NE55887S" failures="0" tests="3" name="Default test" time="14.871" errors="0" timestamp="2021-05-28T23:09:51 IST">
  <testcase classname="com.ecom.webapp.SoftAssertWithSimplilearnLogIn" name="launchChromeTest" time="10.891"/>
  <testcase classname="com.ecom.webapp.SoftAssertWithSimplilearnLogIn" name="testSimplilearnHomePageTitle" time="0.012"/>
  <testcase classname="com.ecom.webapp.SoftAssertWithSimplilearnLogIn" name="testSimplilearnLogin" time="3.915"/>
</testsuite> <!-- Default test -->
