<?xml version="1.0" encoding="UTF-8"?>
<testng-results ignored="0" total="3" passed="3" failed="0" skipped="0">
  <reporter-output>
  </reporter-output>
  <suite started-at="2021-05-25T22:45:21 IST" name="Default suite" finished-at="2021-05-25T22:46:16 IST" duration-ms="54834">
    <groups>
    </groups>
    <test started-at="2021-05-25T22:45:21 IST" name="Default test" finished-at="2021-05-25T22:46:16 IST" duration-ms="54834">
      <class name="com.ecom.webapp.AmazonProductSearch">
        <test-method is-config="true" signature="beforeMethod()[pri:0, instance:com.ecom.webapp.AmazonProductSearch@6bedbc4d]" started-at="2021-05-25T22:45:21 IST" name="beforeMethod" finished-at="2021-05-25T22:45:30 IST" duration-ms="9234" status="PASS">
          <reporter-output>
          </reporter-output>
        </test-method> <!-- beforeMethod -->
        <test-method signature="testForSearchProduct1()[pri:0, instance:com.ecom.webapp.AmazonProductSearch@6bedbc4d]" started-at="2021-05-25T22:45:30 IST" name="testForSearchProduct1" finished-at="2021-05-25T22:45:35 IST" duration-ms="4646" status="PASS">
          <reporter-output>
          </reporter-output>
        </test-method> <!-- testForSearchProduct1 -->
        <test-method is-config="true" signature="afterMethod()[pri:0, instance:com.ecom.webapp.AmazonProductSearch@6bedbc4d]" started-at="2021-05-25T22:45:35 IST" name="afterMethod" finished-at="2021-05-25T22:45:40 IST" duration-ms="5431" status="PASS">
          <reporter-output>
          </reporter-output>
        </test-method> <!-- afterMethod -->
        <test-method is-config="true" signature="beforeMethod()[pri:0, instance:com.ecom.webapp.AmazonProductSearch@6bedbc4d]" started-at="2021-05-25T22:45:40 IST" name="beforeMethod" finished-at="2021-05-25T22:45:49 IST" duration-ms="8560" status="PASS">
          <reporter-output>
          </reporter-output>
        </test-method> <!-- beforeMethod -->
        <test-method signature="testForSearchProduct2()[pri:0, instance:com.ecom.webapp.AmazonProductSearch@6bedbc4d]" started-at="2021-05-25T22:45:49 IST" name="testForSearchProduct2" finished-at="2021-05-25T22:45:54 IST" duration-ms="5603" status="PASS">
          <reporter-output>
          </reporter-output>
        </test-method> <!-- testForSearchProduct2 -->
        <test-method is-config="true" signature="afterMethod()[pri:0, instance:com.ecom.webapp.AmazonProductSearch@6bedbc4d]" started-at="2021-05-25T22:45:54 IST" name="afterMethod" finished-at="2021-05-25T22:45:59 IST" duration-ms="4839" status="PASS">
          <reporter-output>
          </reporter-output>
        </test-method> <!-- afterMethod -->
        <test-method is-config="true" signature="beforeMethod()[pri:0, instance:com.ecom.webapp.AmazonProductSearch@6bedbc4d]" started-at="2021-05-25T22:45:59 IST" name="beforeMethod" finished-at="2021-05-25T22:46:07 IST" duration-ms="7431" status="PASS">
          <reporter-output>
          </reporter-output>
        </test-method> <!-- beforeMethod -->
        <test-method signature="testForSearchProduct3()[pri:0, instance:com.ecom.webapp.AmazonProductSearch@6bedbc4d]" started-at="2021-05-25T22:46:07 IST" name="testForSearchProduct3" finished-at="2021-05-25T22:46:12 IST" duration-ms="5004" status="PASS">
          <reporter-output>
          </reporter-output>
        </test-method> <!-- testForSearchProduct3 -->
        <test-method is-config="true" signature="afterMethod()[pri:0, instance:com.ecom.webapp.AmazonProductSearch@6bedbc4d]" started-at="2021-05-25T22:46:12 IST" name="afterMethod" finished-at="2021-05-25T22:46:16 IST" duration-ms="3980" status="PASS">
          <reporter-output>
          </reporter-output>
        </test-method> <!-- afterMethod -->
      </class> <!-- com.ecom.webapp.AmazonProductSearch -->
    </test> <!-- Default test -->
  </suite> <!-- Default suite -->
</testng-results>
