<?xml version="1.0" encoding="UTF-8"?>
<testng-results ignored="0" total="2" passed="2" failed="0" skipped="0">
  <reporter-output>
  </reporter-output>
  <suite started-at="2021-05-25T00:17:02 IST" name="Default suite" finished-at="2021-05-25T00:17:17 IST" duration-ms="14415">
    <groups>
    </groups>
    <test started-at="2021-05-25T00:17:02 IST" name="Default test" finished-at="2021-05-25T00:17:17 IST" duration-ms="14415">
      <class name="com.ecom.webapp.AmazonHomePageTest">
        <test-method is-config="true" signature="beforeMethod()[pri:0, instance:com.ecom.webapp.AmazonHomePageTest@57af006c]" started-at="2021-05-25T00:17:02 IST" name="beforeMethod" finished-at="2021-05-25T00:17:10 IST" duration-ms="7154" status="PASS">
          <reporter-output>
          </reporter-output>
        </test-method> <!-- beforeMethod -->
        <test-method signature="testAmazonHomePage()[pri:0, instance:com.ecom.webapp.AmazonHomePageTest@57af006c]" started-at="2021-05-25T00:17:10 IST" name="testAmazonHomePage" finished-at="2021-05-25T00:17:10 IST" duration-ms="98" status="PASS">
          <reporter-output>
          </reporter-output>
        </test-method> <!-- testAmazonHomePage -->
        <test-method is-config="true" signature="afterMethod()[pri:0, instance:com.ecom.webapp.AmazonHomePageTest@57af006c]" started-at="2021-05-25T00:17:10 IST" name="afterMethod" finished-at="2021-05-25T00:17:11 IST" duration-ms="844" status="PASS">
          <reporter-output>
          </reporter-output>
        </test-method> <!-- afterMethod -->
        <test-method is-config="true" signature="beforeMethod()[pri:0, instance:com.ecom.webapp.AmazonHomePageTest@57af006c]" started-at="2021-05-25T00:17:11 IST" name="beforeMethod" finished-at="2021-05-25T00:17:16 IST" duration-ms="5757" status="PASS">
          <reporter-output>
          </reporter-output>
        </test-method> <!-- beforeMethod -->
        <test-method signature="testAmazonSourceURL()[pri:0, instance:com.ecom.webapp.AmazonHomePageTest@57af006c]" started-at="2021-05-25T00:17:16 IST" name="testAmazonSourceURL" finished-at="2021-05-25T00:17:16 IST" duration-ms="80" status="PASS">
          <reporter-output>
          </reporter-output>
        </test-method> <!-- testAmazonSourceURL -->
        <test-method is-config="true" signature="afterMethod()[pri:0, instance:com.ecom.webapp.AmazonHomePageTest@57af006c]" started-at="2021-05-25T00:17:16 IST" name="afterMethod" finished-at="2021-05-25T00:17:17 IST" duration-ms="408" status="PASS">
          <reporter-output>
          </reporter-output>
        </test-method> <!-- afterMethod -->
      </class> <!-- com.ecom.webapp.AmazonHomePageTest -->
    </test> <!-- Default test -->
  </suite> <!-- Default suite -->
</testng-results>
